2023-06-01 11:11:39,725 - [INFO] - mysql_util.py[32]: localhost:3306数据库连接构建完成...
2023-06-01 11:11:39,726 - [INFO] - mysql_util.py[32]: localhost:3306数据库连接构建完成...
2023-06-01 11:11:39,726 - [INFO] - json_service.py[23]: 程序启动，开始读取JSON数据......
2023-06-01 11:11:39,726 - [INFO] - json_service.py[27]: 读取JSON数据路径，所获文件如下：['D:/Python/pyetl-data/json//x00', 'D:/Python/pyetl-data/json//x01', 'D:/Python/pyetl-data/json//x02']
2023-06-01 11:11:39,729 - [INFO] - mysql_util.py[53]: SHOW TABLES被执行，返回0条数据
2023-06-01 11:11:39,741 - [INFO] - mysql_util.py[53]: SELECT file_name FROM file_monitor ORDER BY id被执行，返回0条数据
2023-06-01 11:11:39,741 - [INFO] - json_service.py[31]: 读取元数据库，所获已处理文件如下：[]
2023-06-01 11:11:39,741 - [INFO] - json_service.py[35]: 通过对比元数据库，待处理文件如下：['D:/Python/pyetl-data/json//x00', 'D:/Python/pyetl-data/json//x01', 'D:/Python/pyetl-data/json//x02']
2023-06-01 11:11:39,789 - [INFO] - mysql_util.py[53]: SHOW TABLES被执行，返回0条数据
2023-06-01 11:11:39,804 - [INFO] - mysql_util.py[53]: SHOW TABLES被执行，返回1条数据
2023-06-01 11:11:40,456 - [INFO] - mysql_util.py[53]: SHOW TABLES被执行，返回2条数据
2023-06-01 11:11:40,469 - [INFO] - mysql_util.py[53]: SHOW TABLES被执行，返回2条数据
2023-06-01 11:11:41,121 - [INFO] - mysql_util.py[53]: SHOW TABLES被执行，返回2条数据
2023-06-01 11:11:41,121 - [INFO] - mysql_util.py[53]: SHOW TABLES被执行，返回2条数据
2023-06-01 11:11:41,653 - [INFO] - json_service.py[120]: CSV备份文件写出完成，写出路径：D:/Python/pyetl-data/output/csv/
2023-06-01 11:11:41,655 - [INFO] - json_service.py[121]: json数据写入target数据库成功，共处理：3072行，写入：3072行，过滤：0行
2023-06-01 11:11:41,657 - [INFO] - json_service.py[133]: 读取JSON数据写入数据库完成，CSV文件备份完成，程序结束......
2023-06-01 11:31:50,710 - [INFO] - mysql_util.py[32]: localhost:3306数据库连接构建完成...
2023-06-01 11:31:50,721 - [INFO] - mysql_util.py[32]: localhost:3306数据库连接构建完成...
2023-06-01 11:31:50,721 - [INFO] - json_service.py[23]: 程序启动，开始读取JSON数据......
2023-06-01 11:31:50,721 - [INFO] - json_service.py[27]: 读取JSON数据路径，所获文件如下：['D:/Python/pyetl-data/json//x00', 'D:/Python/pyetl-data/json//x01', 'D:/Python/pyetl-data/json//x02', 'D:/Python/pyetl-data/json//x07', 'D:/Python/pyetl-data/json//x59']
2023-06-01 11:31:50,723 - [INFO] - mysql_util.py[53]: SHOW TABLES被执行，返回1条数据
2023-06-01 11:31:50,723 - [INFO] - mysql_util.py[53]: SELECT file_name FROM file_monitor ORDER BY id被执行，返回3条数据
2023-06-01 11:31:50,723 - [INFO] - json_service.py[31]: 读取元数据库，所获已处理文件如下：['D:/Python/pyetl-data/json//x00', 'D:/Python/pyetl-data/json//x01', 'D:/Python/pyetl-data/json//x02']
2023-06-01 11:31:50,723 - [INFO] - json_service.py[35]: 通过对比元数据库，待处理文件如下：['D:/Python/pyetl-data/json//x07', 'D:/Python/pyetl-data/json//x59']
2023-06-01 11:31:50,777 - [INFO] - mysql_util.py[53]: SHOW TABLES被执行，返回2条数据
2023-06-01 11:31:50,783 - [INFO] - mysql_util.py[53]: SHOW TABLES被执行，返回2条数据
2023-06-01 11:31:51,383 - [INFO] - mysql_util.py[53]: SHOW TABLES被执行，返回2条数据
2023-06-01 11:31:51,383 - [INFO] - mysql_util.py[53]: SHOW TABLES被执行，返回2条数据
2023-06-01 11:31:51,913 - [INFO] - json_service.py[120]: CSV备份文件写出完成，写出路径：D:/Python/pyetl-data/output/csv/
2023-06-01 11:31:51,913 - [INFO] - json_service.py[121]: json数据写入target数据库成功，共处理：2048行，写入：2048行，过滤：0行
2023-06-01 11:31:51,918 - [INFO] - json_service.py[133]: 读取JSON数据写入数据库完成，CSV文件备份完成，程序结束......
