2023-05-26 11:01:31,492 - [INFO] - mysql_util.py[25]: localhost:3306数据库连接构建完成...
2023-05-26 11:01:31,492 - [INFO] - mysql_util.py[25]: localhost:3306数据库连接构建完成...
2023-05-26 11:01:31,496 - [INFO] - mysql_util.py[46]: SHOW TABLES被执行，返回0条数据
2023-05-26 11:02:33,238 - [INFO] - mysql_util.py[25]: localhost:3306数据库连接构建完成...
2023-05-26 11:02:33,240 - [INFO] - mysql_util.py[25]: localhost:3306数据库连接构建完成...
2023-05-26 11:02:33,243 - [INFO] - mysql_util.py[46]: SHOW TABLES被执行，返回1条数据
2023-05-26 11:02:33,256 - [INFO] - mysql_util.py[46]: SELECT * FROM tb_test ORDER BY id被执行，返回1条数据
2023-05-26 11:02:33,260 - [INFO] - mysql_util.py[25]: localhost:3306数据库连接构建完成...
2023-05-26 11:02:33,262 - [INFO] - mysql_util.py[46]: SELECT * FROM tb_test ORDER BY id被执行，返回1条数据
2023-05-26 11:02:33,266 - [INFO] - mysql_util.py[25]: localhost:3306数据库连接构建完成...
2023-05-26 11:02:33,272 - [INFO] - mysql_util.py[25]: localhost:3306数据库连接构建完成...
2023-05-26 11:02:33,272 - [INFO] - mysql_util.py[46]: SHOW TABLES被执行，返回0条数据
2023-05-26 11:02:33,289 - [INFO] - mysql_util.py[25]: localhost:3306数据库连接构建完成...
2023-05-26 11:02:33,292 - [INFO] - mysql_util.py[46]: SHOW TABLES被执行，返回1条数据
2023-05-26 11:02:33,304 - [INFO] - mysql_util.py[46]: SELECT * FROM tb_test ORDER BY id被执行，返回2条数据
2023-05-26 11:02:37,540 - [INFO] - mysql_util.py[25]: localhost:3306数据库连接构建完成...
2023-05-26 11:02:37,540 - [INFO] - mysql_util.py[25]: localhost:3306数据库连接构建完成...
2023-05-26 11:02:37,556 - [INFO] - mysql_util.py[46]: SHOW TABLES被执行，返回0条数据
2023-05-26 11:02:37,574 - [INFO] - mysql_util.py[46]: SELECT * FROM tb_test ORDER BY id被执行，返回1条数据
2023-05-26 11:02:37,574 - [INFO] - mysql_util.py[25]: localhost:3306数据库连接构建完成...
2023-05-26 11:02:37,574 - [INFO] - mysql_util.py[46]: SELECT * FROM tb_test ORDER BY id被执行，返回1条数据
2023-05-26 11:02:37,586 - [INFO] - mysql_util.py[25]: localhost:3306数据库连接构建完成...
2023-05-26 11:02:37,586 - [INFO] - mysql_util.py[25]: localhost:3306数据库连接构建完成...
2023-05-26 11:02:37,589 - [INFO] - mysql_util.py[46]: SHOW TABLES被执行，返回0条数据
2023-05-26 11:02:37,604 - [INFO] - mysql_util.py[25]: localhost:3306数据库连接构建完成...
2023-05-26 11:02:37,606 - [INFO] - mysql_util.py[46]: SHOW TABLES被执行，返回1条数据
2023-05-26 11:02:37,622 - [INFO] - mysql_util.py[46]: SELECT * FROM tb_test ORDER BY id被执行，返回2条数据
2023-05-26 11:02:48,786 - [INFO] - mysql_util.py[25]: localhost:3306数据库连接构建完成...
2023-05-26 11:02:48,786 - [INFO] - mysql_util.py[25]: localhost:3306数据库连接构建完成...
2023-05-26 11:02:48,798 - [INFO] - mysql_util.py[46]: SHOW TABLES被执行，返回0条数据
2023-05-26 11:02:48,813 - [INFO] - mysql_util.py[46]: SELECT * FROM tb_test ORDER BY id被执行，返回1条数据
2023-05-26 11:02:48,817 - [INFO] - mysql_util.py[25]: localhost:3306数据库连接构建完成...
2023-05-26 11:02:48,817 - [INFO] - mysql_util.py[46]: SELECT * FROM tb_test ORDER BY id被执行，返回1条数据
2023-05-26 11:02:48,824 - [INFO] - mysql_util.py[25]: localhost:3306数据库连接构建完成...
2023-05-26 11:02:48,824 - [INFO] - mysql_util.py[25]: localhost:3306数据库连接构建完成...
2023-05-26 11:02:48,828 - [INFO] - mysql_util.py[46]: SHOW TABLES被执行，返回0条数据
2023-05-26 11:02:48,854 - [INFO] - mysql_util.py[25]: localhost:3306数据库连接构建完成...
2023-05-26 11:02:48,856 - [INFO] - mysql_util.py[46]: SHOW TABLES被执行，返回1条数据
2023-05-26 11:02:48,872 - [INFO] - mysql_util.py[46]: SELECT * FROM tb_test ORDER BY id被执行，返回2条数据
2023-05-26 11:05:33,423 - [INFO] - mysql_util.py[25]: localhost:3306数据库连接构建完成...
2023-05-26 11:05:33,425 - [INFO] - mysql_util.py[25]: localhost:3306数据库连接构建完成...
2023-05-26 11:05:33,428 - [INFO] - mysql_util.py[46]: SHOW TABLES被执行，返回0条数据
2023-05-26 11:06:17,359 - [INFO] - mysql_util.py[25]: localhost:3306数据库连接构建完成...
2023-05-26 11:06:17,362 - [INFO] - mysql_util.py[25]: localhost:3306数据库连接构建完成...
2023-05-26 11:06:17,362 - [INFO] - mysql_util.py[46]: SHOW TABLES被执行，返回1条数据
2023-05-26 11:06:17,378 - [INFO] - mysql_util.py[46]: SELECT * FROM tb_test ORDER BY id被执行，返回1条数据
2023-05-26 11:06:17,378 - [INFO] - mysql_util.py[25]: localhost:3306数据库连接构建完成...
2023-05-26 11:06:17,378 - [INFO] - mysql_util.py[46]: SELECT * FROM tb_test ORDER BY id被执行，返回1条数据
2023-05-26 11:06:17,388 - [INFO] - mysql_util.py[25]: localhost:3306数据库连接构建完成...
2023-05-26 11:06:17,389 - [INFO] - mysql_util.py[25]: localhost:3306数据库连接构建完成...
2023-05-26 11:06:17,390 - [INFO] - mysql_util.py[46]: SHOW TABLES被执行，返回0条数据
2023-05-26 11:06:17,400 - [INFO] - mysql_util.py[46]: SHOW TABLES被执行，返回1条数据
2023-05-26 11:06:17,400 - [INFO] - mysql_util.py[46]: SELECT * FROM test被执行，返回2条数据
2023-05-26 11:06:17,408 - [INFO] - mysql_util.py[25]: localhost:3306数据库连接构建完成...
2023-05-26 11:06:17,408 - [INFO] - mysql_util.py[46]: SHOW TABLES被执行，返回0条数据
2023-05-26 11:06:17,429 - [INFO] - mysql_util.py[46]: SELECT * FROM tb_test ORDER BY id被执行，返回2条数据
2023-05-26 11:10:31,970 - [INFO] - mysql_util.py[25]: localhost:3306数据库连接构建完成...
2023-05-26 11:10:31,970 - [INFO] - mysql_util.py[25]: localhost:3306数据库连接构建完成...
2023-05-26 11:10:31,970 - [INFO] - mysql_util.py[46]: SHOW TABLES被执行，返回0条数据
2023-05-26 11:10:31,980 - [INFO] - mysql_util.py[46]: SHOW TABLES被执行，返回1条数据
2023-05-26 11:10:31,980 - [INFO] - mysql_util.py[46]: SELECT * FROM test被执行，返回2条数据
2023-05-26 11:22:11,278 - [INFO] - mysql_util.py[25]: localhost:3306数据库连接构建完成...
2023-05-26 11:22:11,280 - [INFO] - mysql_util.py[46]: SHOW TABLES被执行，返回1条数据
2023-05-26 11:22:54,976 - [INFO] - mysql_util.py[25]: localhost:3306数据库连接构建完成...
2023-05-26 11:22:54,980 - [INFO] - mysql_util.py[46]: SHOW TABLES被执行，返回2条数据
2023-05-26 11:22:54,987 - [INFO] - mysql_util.py[46]: SELECT * FROM table_for_unittest ORDER BY id被执行，返回2条数据
2023-05-26 11:22:58,254 - [INFO] - mysql_util.py[25]: localhost:3306数据库连接构建完成...
2023-05-26 11:22:58,272 - [INFO] - mysql_util.py[46]: SHOW TABLES被执行，返回0条数据
2023-05-26 11:22:58,284 - [INFO] - mysql_util.py[46]: SELECT * FROM table_for_unittest ORDER BY id被执行，返回2条数据
2023-05-26 11:23:00,088 - [INFO] - mysql_util.py[25]: localhost:3306数据库连接构建完成...
2023-05-26 11:23:00,096 - [INFO] - mysql_util.py[46]: SHOW TABLES被执行，返回0条数据
2023-05-26 11:23:00,104 - [INFO] - mysql_util.py[46]: SELECT * FROM table_for_unittest ORDER BY id被执行，返回2条数据
2023-05-26 11:24:54,373 - [INFO] - mysql_util.py[25]: localhost:3306数据库连接构建完成...
2023-05-26 11:24:54,376 - [INFO] - mysql_util.py[25]: localhost:3306数据库连接构建完成...
2023-05-26 11:24:54,376 - [INFO] - mysql_util.py[46]: SHOW TABLES被执行，返回0条数据
2023-05-26 11:24:54,392 - [INFO] - mysql_util.py[46]: SELECT * FROM table_for_unittest ORDER BY id被执行，返回1条数据
2023-05-26 11:24:54,392 - [INFO] - mysql_util.py[25]: localhost:3306数据库连接构建完成...
2023-05-26 11:24:54,392 - [INFO] - mysql_util.py[46]: SELECT * FROM table_for_unittest ORDER BY id被执行，返回1条数据
2023-05-26 11:24:57,414 - [INFO] - mysql_util.py[25]: localhost:3306数据库连接构建完成...
2023-05-26 11:24:57,414 - [INFO] - mysql_util.py[25]: localhost:3306数据库连接构建完成...
2023-05-26 11:24:57,420 - [INFO] - mysql_util.py[46]: SHOW TABLES被执行，返回0条数据
2023-05-26 11:24:57,435 - [INFO] - mysql_util.py[46]: SELECT * FROM table_for_unittest ORDER BY id被执行，返回1条数据
2023-05-26 11:24:57,435 - [INFO] - mysql_util.py[25]: localhost:3306数据库连接构建完成...
2023-05-26 11:24:57,435 - [INFO] - mysql_util.py[46]: SELECT * FROM table_for_unittest ORDER BY id被执行，返回1条数据
2023-05-26 11:24:59,183 - [INFO] - mysql_util.py[25]: localhost:3306数据库连接构建完成...
2023-05-26 11:24:59,183 - [INFO] - mysql_util.py[25]: localhost:3306数据库连接构建完成...
2023-05-26 11:24:59,192 - [INFO] - mysql_util.py[46]: SHOW TABLES被执行，返回0条数据
2023-05-26 11:24:59,208 - [INFO] - mysql_util.py[46]: SELECT * FROM table_for_unittest ORDER BY id被执行，返回1条数据
2023-05-26 11:24:59,208 - [INFO] - mysql_util.py[25]: localhost:3306数据库连接构建完成...
2023-05-26 11:24:59,208 - [INFO] - mysql_util.py[46]: SELECT * FROM table_for_unittest ORDER BY id被执行，返回1条数据
2023-05-26 11:25:00,480 - [INFO] - mysql_util.py[25]: localhost:3306数据库连接构建完成...
2023-05-26 11:25:00,480 - [INFO] - mysql_util.py[25]: localhost:3306数据库连接构建完成...
2023-05-26 11:25:00,480 - [INFO] - mysql_util.py[46]: SHOW TABLES被执行，返回0条数据
2023-05-26 11:25:00,501 - [INFO] - mysql_util.py[46]: SELECT * FROM table_for_unittest ORDER BY id被执行，返回1条数据
2023-05-26 11:25:00,506 - [INFO] - mysql_util.py[25]: localhost:3306数据库连接构建完成...
2023-05-26 11:25:00,506 - [INFO] - mysql_util.py[46]: SELECT * FROM table_for_unittest ORDER BY id被执行，返回1条数据
2023-05-26 11:25:54,676 - [INFO] - mysql_util.py[25]: localhost:3306数据库连接构建完成...
2023-05-26 11:25:54,681 - [INFO] - mysql_util.py[46]: SHOW TABLES被执行，返回0条数据
2023-05-26 11:25:54,693 - [INFO] - mysql_util.py[46]: SHOW TABLES被执行，返回1条数据
2023-05-26 11:25:54,693 - [INFO] - mysql_util.py[46]: SELECT * FROM table_for_unittest ORDER BY id被执行，返回2条数据
2023-05-26 11:27:26,587 - [INFO] - mysql_util.py[25]: localhost:3306数据库连接构建完成...
2023-05-26 11:27:26,592 - [INFO] - mysql_util.py[46]: SHOW TABLES被执行，返回1条数据
2023-05-26 11:27:59,565 - [INFO] - mysql_util.py[25]: localhost:3306数据库连接构建完成...
2023-05-26 11:27:59,572 - [INFO] - mysql_util.py[46]: SHOW TABLES被执行，返回1条数据
2023-05-26 11:29:16,702 - [INFO] - mysql_util.py[25]: localhost:3306数据库连接构建完成...
2023-05-26 11:29:16,711 - [INFO] - mysql_util.py[46]: SHOW TABLES被执行，返回1条数据
2023-05-26 11:33:00,771 - [INFO] - mysql_util.py[25]: localhost:3306数据库连接构建完成...
2023-05-26 11:33:00,779 - [INFO] - mysql_util.py[46]: SHOW TABLES被执行，返回1条数据
2023-05-26 11:44:19,091 - [INFO] - mysql_util.py[25]: localhost:3306数据库连接构建完成...
2023-05-26 11:44:19,098 - [INFO] - mysql_util.py[46]: SHOW TABLES被执行，返回1条数据
2023-05-26 11:45:20,677 - [INFO] - mysql_util.py[25]: localhost:3306数据库连接构建完成...
2023-05-26 11:45:20,689 - [INFO] - mysql_util.py[46]: SHOW TABLES被执行，返回1条数据
2023-05-26 11:53:42,297 - [INFO] - mysql_util.py[25]: localhost:3306数据库连接构建完成...
2023-05-26 11:53:42,297 - [INFO] - mysql_util.py[25]: localhost:3306数据库连接构建完成...
2023-05-26 11:53:42,302 - [INFO] - mysql_util.py[46]: SHOW TABLES被执行，返回1条数据
2023-05-26 11:53:52,187 - [INFO] - mysql_util.py[25]: localhost:3306数据库连接构建完成...
2023-05-26 11:53:52,196 - [INFO] - mysql_util.py[46]: SHOW TABLES被执行，返回1条数据
2023-05-26 11:53:57,152 - [INFO] - mysql_util.py[25]: localhost:3306数据库连接构建完成...
2023-05-26 11:53:57,162 - [INFO] - mysql_util.py[46]: SHOW TABLES被执行，返回1条数据
2023-05-26 11:53:57,162 - [INFO] - mysql_util.py[46]: SHOW TABLES被执行，返回1条数据
2023-05-26 11:53:57,166 - [INFO] - mysql_util.py[46]: SELECT * FROM table_for_unittest ORDER BY id被执行，返回2条数据
2023-05-26 11:56:05,228 - [INFO] - mysql_util.py[25]: localhost:3306数据库连接构建完成...
2023-05-26 11:56:05,237 - [INFO] - mysql_util.py[46]: SHOW TABLES被执行，返回1条数据
